<?xml version="1.0" encoding="UTF-8"?>
<!-- Generated by org.testng.reporters.JUnitXMLReporter -->
<testsuite hostname="Seshadri" ignored="0" name="Default test" tests="9" failures="0" timestamp="21 Jan 2019 23:18:36 GMT" time="1.658" errors="0">
  <testcase name="@BeforeMethod setUp" time="0.0" classname="com.mapsynq.qa.testcases.DirectionsTabTest">
    <failure type="org.testng.TestNGException" message="
Parameter &amp;apos;browser&amp;apos; is required by BeforeMethod on method setUp but has not been marked @Optional or defined
in C:\Users\Niladri\AppData\Local\Temp\testng-eclipse-1607843261\testng-customsuite.xml">
      <![CDATA[org.testng.TestNGException: 
Parameter 'browser' is required by BeforeMethod on method setUp but has not been marked @Optional or defined
in C:\Users\Niladri\AppData\Local\Temp\testng-eclipse-1607843261\testng-customsuite.xml
at org.testng.internal.Parameters.createParams(Parameters.java:290)
at org.testng.internal.Parameters.createParametersForMethod(Parameters.java:359)
at org.testng.internal.Parameters.createParameters(Parameters.java:620)
at org.testng.internal.Parameters.createConfigurationParameters(Parameters.java:190)
at org.testng.internal.Invoker.invokeConfigurations(Invoker.java:209)
at org.testng.internal.Invoker.invokeMethod(Invoker.java:523)
at org.testng.internal.Invoker.invokeTestMethod(Invoker.java:719)
at org.testng.internal.Invoker.invokeTestMethods(Invoker.java:989)
at org.testng.internal.TestMethodWorker.invokeTestMethods(TestMethodWorker.java:125)
at org.testng.internal.TestMethodWorker.run(TestMethodWorker.java:109)
at org.testng.TestRunner.privateRun(TestRunner.java:648)
at org.testng.TestRunner.run(TestRunner.java:505)
at org.testng.SuiteRunner.runTest(SuiteRunner.java:455)
at org.testng.SuiteRunner.runSequentially(SuiteRunner.java:450)
at org.testng.SuiteRunner.privateRun(SuiteRunner.java:415)
at org.testng.SuiteRunner.run(SuiteRunner.java:364)
at org.testng.SuiteRunnerWorker.runSuite(SuiteRunnerWorker.java:52)
at org.testng.SuiteRunnerWorker.run(SuiteRunnerWorker.java:84)
at org.testng.TestNG.runSuitesSequentially(TestNG.java:1208)
at org.testng.TestNG.runSuitesLocally(TestNG.java:1137)
at org.testng.TestNG.runSuites(TestNG.java:1049)
at org.testng.TestNG.run(TestNG.java:1017)
at org.testng.remote.AbstractRemoteTestNG.run(AbstractRemoteTestNG.java:114)
at org.testng.remote.RemoteTestNG.initAndRun(RemoteTestNG.java:251)
at org.testng.remote.RemoteTestNG.main(RemoteTestNG.java:77)
]]>
    </failure>
  </testcase> <!-- @BeforeMethod setUp -->
  <testcase name="@AfterMethod teardown" time="0.0" classname="com.mapsynq.qa.testcases.DirectionsTabTest">
    <skipped/>
  </testcase> <!-- @AfterMethod teardown -->
  <testcase name="@BeforeMethod setUp" time="0.0" classname="com.mapsynq.qa.testcases.DirectionsTabTest">
    <skipped/>
  </testcase> <!-- @BeforeMethod setUp -->
  <testcase name="@AfterMethod teardown" time="0.0" classname="com.mapsynq.qa.testcases.DirectionsTabTest">
    <skipped/>
  </testcase> <!-- @AfterMethod teardown -->
  <testcase name="@BeforeMethod setUp" time="0.0" classname="com.mapsynq.qa.testcases.DirectionsTabTest">
    <skipped/>
  </testcase> <!-- @BeforeMethod setUp -->
  <testcase name="@AfterMethod teardown" time="0.0" classname="com.mapsynq.qa.testcases.DirectionsTabTest">
    <skipped/>
  </testcase> <!-- @AfterMethod teardown -->
  <testcase name="@BeforeMethod setUp" time="0.0" classname="com.mapsynq.qa.testcases.DirectionsTabTest">
    <skipped/>
  </testcase> <!-- @BeforeMethod setUp -->
  <testcase name="@AfterMethod teardown" time="0.0" classname="com.mapsynq.qa.testcases.DirectionsTabTest">
    <skipped/>
  </testcase> <!-- @AfterMethod teardown -->
  <testcase name="@BeforeMethod setUp" time="0.0" classname="com.mapsynq.qa.testcases.DirectionsTabTest">
    <skipped/>
  </testcase> <!-- @BeforeMethod setUp -->
  <testcase name="@AfterMethod teardown" time="0.0" classname="com.mapsynq.qa.testcases.DirectionsTabTest">
    <skipped/>
  </testcase> <!-- @AfterMethod teardown -->
  <testcase name="@BeforeMethod setUp" time="0.0" classname="com.mapsynq.qa.testcases.DirectionsTabTest">
    <skipped/>
  </testcase> <!-- @BeforeMethod setUp -->
  <testcase name="@AfterMethod teardown" time="0.0" classname="com.mapsynq.qa.testcases.DirectionsTabTest">
    <skipped/>
  </testcase> <!-- @AfterMethod teardown -->
  <testcase name="@BeforeMethod setUp" time="0.0" classname="com.mapsynq.qa.testcases.DirectionsTabTest">
    <skipped/>
  </testcase> <!-- @BeforeMethod setUp -->
  <testcase name="@AfterMethod teardown" time="0.0" classname="com.mapsynq.qa.testcases.DirectionsTabTest">
    <skipped/>
  </testcase> <!-- @AfterMethod teardown -->
  <testcase name="@BeforeMethod setUp" time="0.0" classname="com.mapsynq.qa.testcases.DirectionsTabTest">
    <skipped/>
  </testcase> <!-- @BeforeMethod setUp -->
  <testcase name="@AfterMethod teardown" time="0.0" classname="com.mapsynq.qa.testcases.DirectionsTabTest">
    <skipped/>
  </testcase> <!-- @AfterMethod teardown -->
  <testcase name="@BeforeMethod setUp" time="0.0" classname="com.mapsynq.qa.testcases.DirectionsTabTest">
    <skipped/>
  </testcase> <!-- @BeforeMethod setUp -->
  <testcase name="@AfterMethod teardown" time="0.0" classname="com.mapsynq.qa.testcases.DirectionsTabTest">
    <skipped/>
  </testcase> <!-- @AfterMethod teardown -->
  <testcase name="getDirectionsTest" time="0.0" classname="com.mapsynq.qa.testcases.DirectionsTabTest">
    <skipped/>
  </testcase> <!-- getDirectionsTest -->
  <testcase name="getDirectionsTest" time="0.0" classname="com.mapsynq.qa.testcases.DirectionsTabTest">
    <skipped/>
  </testcase> <!-- getDirectionsTest -->
  <testcase name="getDirectionsTest" time="0.0" classname="com.mapsynq.qa.testcases.DirectionsTabTest">
    <skipped/>
  </testcase> <!-- getDirectionsTest -->
  <testcase name="clearRouteTest" time="0.0" classname="com.mapsynq.qa.testcases.DirectionsTabTest">
    <skipped/>
  </testcase> <!-- clearRouteTest -->
  <testcase name="clearRouteTest" time="0.0" classname="com.mapsynq.qa.testcases.DirectionsTabTest">
    <skipped/>
  </testcase> <!-- clearRouteTest -->
  <testcase name="clearRouteTest" time="0.0" classname="com.mapsynq.qa.testcases.DirectionsTabTest">
    <skipped/>
  </testcase> <!-- clearRouteTest -->
  <testcase name="leaveAtTime" time="0.0" classname="com.mapsynq.qa.testcases.DirectionsTabTest">
    <skipped/>
  </testcase> <!-- leaveAtTime -->
  <testcase name="leaveAtTime" time="0.0" classname="com.mapsynq.qa.testcases.DirectionsTabTest">
    <skipped/>
  </testcase> <!-- leaveAtTime -->
  <testcase name="leaveAtTime" time="0.0" classname="com.mapsynq.qa.testcases.DirectionsTabTest">
    <skipped/>
  </testcase> <!-- leaveAtTime -->
</testsuite> <!-- Default test -->
