<?xml version="1.0" encoding="UTF-8"?>
<!-- Generated by org.testng.reporters.JUnitXMLReporter -->
<testsuite hostname="Seshadri" ignored="0" name="mapSYNQ Automation Test Cases - edge" tests="6" failures="0" timestamp="20 Jan 2019 22:23:59 GMT" time="79.767" errors="0">
  <testcase name="@BeforeMethod setUp" time="1.196" classname="com.mapsynq.qa.testcases.DirectionsTabTest">
    <failure type="org.openqa.selenium.WebDriverException" message="Unable to parse remote response: Unknown error">
      <![CDATA[org.openqa.selenium.WebDriverException: Unable to parse remote response: Unknown error
at org.openqa.selenium.remote.ProtocolHandshake.createSession(ProtocolHandshake.java:115)
at org.openqa.selenium.remote.ProtocolHandshake.createSession(ProtocolHandshake.java:74)
at org.openqa.selenium.remote.HttpCommandExecutor.execute(HttpCommandExecutor.java:136)
at org.openqa.selenium.remote.service.DriverCommandExecutor.execute(DriverCommandExecutor.java:83)
at org.openqa.selenium.remote.RemoteWebDriver.execute(RemoteWebDriver.java:552)
at org.openqa.selenium.remote.RemoteWebDriver.startSession(RemoteWebDriver.java:213)
at org.openqa.selenium.remote.RemoteWebDriver.<init>(RemoteWebDriver.java:131)
at org.openqa.selenium.edge.EdgeDriver.<init>(EdgeDriver.java:141)
at org.openqa.selenium.edge.EdgeDriver.<init>(EdgeDriver.java:96)
at com.mapsynq.qa.base.TestBase.initialization(TestBase.java:54)
at com.mapsynq.qa.testcases.DirectionsTabTest.setUp(DirectionsTabTest.java:36)
at java.util.concurrent.FutureTask.run(FutureTask.java:266)
at java.util.concurrent.ThreadPoolExecutor.runWorker(ThreadPoolExecutor.java:1142)
at java.util.concurrent.ThreadPoolExecutor$Worker.run(ThreadPoolExecutor.java:617)
at java.lang.Thread.run(Thread.java:745)
Caused by: org.openqa.selenium.json.JsonException: Unable to determine type from: U. Last 1 characters read: U
Build info: version: '3.141.59', revision: 'e82be7d358', time: '2018-11-14T08:17:03'
System info: host: 'SESHADRI', ip: '192.168.0.10', os.name: 'Windows 10', os.arch: 'amd64', os.version: '10.0', java.version: '1.8.0_91'
Driver info: driver.version: EdgeDriver
at org.openqa.selenium.json.JsonInput.peek(JsonInput.java:122)
at org.openqa.selenium.json.JsonTypeCoercer.lambda$null$6(JsonTypeCoercer.java:140)
at org.openqa.selenium.json.JsonTypeCoercer.coerce(JsonTypeCoercer.java:126)
at org.openqa.selenium.json.Json.toType(Json.java:69)
at org.openqa.selenium.json.Json.toType(Json.java:55)
at org.openqa.selenium.json.Json.toType(Json.java:50)
at org.openqa.selenium.remote.ProtocolHandshake.createSession(ProtocolHandshake.java:112)
... 33 more
... Removed 19 stack frames]]>
    </failure>
  </testcase> <!-- @BeforeMethod setUp -->
  <testcase name="@AfterMethod teardown" time="0.0" classname="com.mapsynq.qa.testcases.DirectionsTabTest">
    <skipped/>
  </testcase> <!-- @AfterMethod teardown -->
  <testcase name="@BeforeMethod setUp" time="0.0" classname="com.mapsynq.qa.testcases.DirectionsTabTest">
    <skipped/>
  </testcase> <!-- @BeforeMethod setUp -->
  <testcase name="@AfterMethod teardown" time="0.0" classname="com.mapsynq.qa.testcases.DirectionsTabTest">
    <skipped/>
  </testcase> <!-- @AfterMethod teardown -->
  <testcase name="@BeforeMethod setUp" time="0.0" classname="com.mapsynq.qa.testcases.DirectionsTabTest">
    <skipped/>
  </testcase> <!-- @BeforeMethod setUp -->
  <testcase name="@AfterMethod teardown" time="0.0" classname="com.mapsynq.qa.testcases.DirectionsTabTest">
    <skipped/>
  </testcase> <!-- @AfterMethod teardown -->
  <testcase name="@BeforeMethod setUp" time="0.0" classname="com.mapsynq.qa.testcases.DirectionsTabTest">
    <skipped/>
  </testcase> <!-- @BeforeMethod setUp -->
  <testcase name="@AfterMethod teardown" time="0.0" classname="com.mapsynq.qa.testcases.DirectionsTabTest">
    <skipped/>
  </testcase> <!-- @AfterMethod teardown -->
  <testcase name="directionsTabTitleTest" time="2.879" classname="com.mapsynq.qa.testcases.DirectionsTabTest"/>
  <testcase name="landingPagelogoTest" time="5.972" classname="com.mapsynq.qa.testcases.DirectionsTabTest"/>
  <testcase name="getDirectionsTest" time="0.0" classname="com.mapsynq.qa.testcases.DirectionsTabTest">
    <skipped/>
  </testcase> <!-- getDirectionsTest -->
  <testcase name="clearRouteTest" time="0.0" classname="com.mapsynq.qa.testcases.DirectionsTabTest">
    <skipped/>
  </testcase> <!-- clearRouteTest -->
  <testcase name="clearRouteTest" time="0.0" classname="com.mapsynq.qa.testcases.DirectionsTabTest">
    <skipped/>
  </testcase> <!-- clearRouteTest -->
  <testcase name="clearRouteTest" time="0.0" classname="com.mapsynq.qa.testcases.DirectionsTabTest">
    <skipped/>
  </testcase> <!-- clearRouteTest -->
</testsuite> <!-- mapSYNQ Automation Test Cases - edge -->
